[{{2026,6,27},{14,55,44}}] --- COORDINATOR STARTED on port 4200 --- 

[{{2026,6,27},{14,55,44}}] JOB 1001 granted

[{{2026,6,27},{14,55,46}}] JOB 1002 granted

[{{2026,6,27},{14,56,4}}] JOB 1013 granted

[{{2026,6,27},{14,56,4}}] JOB 1012 granted

[{{2026,6,27},{14,56,4}}] JOB 1008 granted

[{{2026,6,27},{14,56,4}}] JOB 1007 granted

[{{2026,6,27},{14,56,4}}] JOB 1011 granted

[{{2026,6,27},{14,56,5}}] JOB 1004 granted

[{{2026,6,27},{14,56,6}}] JOB 1015 granted

[{{2026,6,27},{14,56,7}}] JOB 1016 granted

[{{2026,6,27},{14,56,8}}] JOB 1010 granted

[{{2026,6,27},{15,48,41}}] --- COORDINATOR STARTED on port 4200 --- 

[{{2026,6,27},{15,48,41}}] JOB 1001 granted

[{{2026,6,27},{15,48,46}}] JOB 1002 granted

[{{2026,6,27},{15,49,4}}] JOB 1005 granted

[{{2026,6,27},{15,49,4}}] JOB 1004 granted

[{{2026,6,27},{15,49,4}}] JOB 1003 granted

[{{2026,6,27},{15,49,6}}] JOB 1017 granted

[{{2026,6,27},{15,49,6}}] JOB 1016 granted

[{{2026,6,27},{15,49,6}}] JOB 1014 granted

[{{2026,6,27},{15,49,6}}] JOB 1013 granted

[{{2026,6,27},{15,49,6}}] JOB 1010 granted

[{{2026,6,27},{15,49,6}}] JOB 1011 granted

[{{2026,6,27},{15,49,6}}] JOB 1015 granted

[{{2026,6,27},{15,49,6}}] JOB 1008 granted

[{{2026,6,27},{15,49,6}}] JOB 1007 granted

[{{2026,6,27},{15,49,6}}] JOB 1006 granted

[{{2026,6,27},{15,49,8}}] JOB 1012 granted

[{{2026,6,27},{15,49,10}}] JOB 1020 granted

[{{2026,6,27},{15,49,12}}] JOB 1021 granted

[{{2026,6,27},{15,49,15}}] JOB 1023 granted

[{{2026,6,27},{15,49,16}}] JOB 1024 denied

[{{2026,6,27},{15,49,21}}] JOB "all_jobs_cancelled" connection_closed

[{{2026,6,27},{16,1,23}}] --- COORDINATOR STARTED on port 4200 --- 

[{{2026,6,27},{16,1,23}}] JOB 1001 granted

[{{2026,6,27},{16,1,24}}] JOB 1002 granted

[{{2026,6,27},{16,1,27}}] JOB 1004 granted

[{{2026,6,27},{16,1,37}}] JOB 1003 granted

[{{2026,6,27},{16,1,37}}] JOB 1005 granted

[{{2026,6,27},{16,1,51}}] JOB 1008 granted

[{{2026,6,27},{16,1,51}}] JOB 1007 granted

[{{2026,6,27},{16,1,51}}] JOB 1006 granted

[{{2026,6,27},{16,1,53}}] JOB 1021 granted

[{{2026,6,27},{16,1,55}}] JOB 1009 granted

[{{2026,6,27},{16,2,2}}] JOB 1025 granted

[{{2026,6,27},{16,2,2}}] JOB 1023 granted

[{{2026,6,27},{16,2,2}}] JOB 1022 granted

[{{2026,6,27},{16,2,2}}] JOB 1020 granted

[{{2026,6,27},{16,2,2}}] JOB 1019 granted

[{{2026,6,27},{16,2,2}}] JOB 1018 granted

[{{2026,6,27},{16,2,2}}] JOB 1012 granted

[{{2026,6,27},{16,2,2}}] JOB 1017 granted

[{{2026,6,27},{16,2,2}}] JOB 1016 granted

[{{2026,6,27},{16,2,2}}] JOB 1013 granted

[{{2026,6,27},{16,2,2}}] JOB 1015 granted

[{{2026,6,27},{16,2,2}}] JOB 1011 granted

[{{2026,6,27},{16,2,2}}] JOB 1014 granted

[{{2026,6,27},{16,2,2}}] JOB 1010 granted

[{{2026,6,27},{16,2,6}}] JOB 1024 granted

[{{2026,6,27},{16,2,6}}] JOB 1028 granted

[{{2026,6,27},{16,2,6}}] JOB 1030 granted

[{{2026,6,27},{16,2,7}}] JOB 1031 granted

[{{2026,6,27},{16,2,11}}] JOB 1033 granted

[{{2026,6,27},{16,2,11}}] JOB 1032 granted

[{{2026,6,27},{16,2,13}}] JOB 1035 granted

[{{2026,6,27},{16,2,15}}] JOB 1036 granted

[{{2026,6,27},{16,2,16}}] JOB 1034 granted

[{{2026,6,27},{16,2,17}}] JOB 1037 granted

[{{2026,6,27},{16,2,18}}] JOB 1038 granted

[{{2026,6,27},{16,2,23}}] JOB 1041 granted

[{{2026,6,27},{16,2,23}}] JOB 1026 granted

[{{2026,6,27},{16,2,24}}] JOB 1042 granted

[{{2026,6,27},{16,2,26}}] JOB 1043 granted

[{{2026,6,27},{16,2,27}}] JOB 1044 granted

[{{2026,6,27},{16,2,28}}] JOB 1045 granted

[{{2026,6,27},{16,2,30}}] JOB 1046 granted

[{{2026,6,27},{16,2,31}}] JOB 1027 timeout

[{{2026,6,27},{16,2,31}}] JOB 1047 granted

[{{2026,6,27},{16,2,34}}] JOB 1049 granted

[{{2026,6,27},{16,2,36}}] JOB 1029 timeout

[{{2026,6,27},{16,2,36}}] JOB 1039 granted

[{{2026,6,27},{16,2,37}}] JOB 1027 granted

[{{2026,6,27},{16,2,37}}] JOB 1051 granted

[{{2026,6,27},{16,2,42}}] JOB 1029 granted

[{{2026,6,27},{16,2,42}}] JOB 1040 granted

[{{2026,6,27},{16,2,44}}] JOB 1048 granted

[{{2026,6,27},{16,2,44}}] JOB 1050 granted

[{{2026,6,27},{16,2,45}}] JOB 1056 granted

[{{2026,6,27},{16,2,45}}] JOB 1055 granted

[{{2026,6,27},{16,2,45}}] JOB 1053 granted

[{{2026,6,27},{16,2,45}}] JOB 1054 granted

[{{2026,6,27},{16,2,45}}] JOB 1052 granted

[{{2026,6,27},{16,2,46}}] JOB 1057 granted

[{{2026,6,27},{16,2,48}}] JOB 1058 granted

[{{2026,6,27},{16,2,49}}] JOB 1059 granted

[{{2026,6,27},{16,2,52}}] JOB 1061 granted

[{{2026,6,27},{16,2,53}}] JOB 1060 granted

[{{2026,6,27},{16,2,55}}] JOB 1062 granted

[{{2026,6,27},{16,3,1}}] JOB 1066 granted

[{{2026,6,27},{16,3,1}}] JOB 1065 granted

[{{2026,6,27},{16,3,1}}] JOB 1064 granted

[{{2026,6,27},{16,3,1}}] JOB 1063 granted

[{{2026,6,27},{16,3,4}}] JOB 1068 granted

[{{2026,6,27},{16,3,4}}] JOB 1067 granted

[{{2026,6,27},{16,3,7}}] JOB 1071 granted

[{{2026,6,27},{16,3,10}}] JOB 1073 granted

[{{2026,6,27},{16,3,12}}] JOB 1074 granted

[{{2026,6,27},{16,3,18}}] JOB 1078 granted

[{{2026,6,27},{16,3,19}}] JOB 1070 granted

[{{2026,6,27},{16,3,19}}] JOB 1079 granted

[{{2026,6,27},{16,3,21}}] JOB 1072 granted

[{{2026,6,27},{16,3,21}}] JOB "all_jobs_cancelled" connection_closed

[{{2026,6,27},{22,21,13}}] --- COORDINATOR STARTED on port 4200 --- 

[{{2026,6,27},{22,21,29}}] --- COORDINATOR STARTED on port 4200 --- 

[{{2026,6,27},{22,21,33}}] --- COORDINATOR STARTED on port 4200 --- 

[{{2026,6,27},{22,21,34}}] --- COORDINATOR STARTED on port 4200 --- 

[{{2026,6,27},{22,21,35}}] --- COORDINATOR STARTED on port 4200 --- 

[{{2026,6,27},{22,35,29}}] --- COORDINATOR STARTED on port 4200 --- 

[{{2026,6,27},{22,35,41}}] JOB "all_jobs_cancelled" connection_closed

[{{2026,6,27},{22,38,23}}] --- COORDINATOR STARTED on port 4200 --- 

[{{2026,6,27},{22,38,23}}] JOB 1001 granted

[{{2026,6,27},{22,38,25}}] JOB 1002 granted

[{{2026,6,27},{22,38,33}}] JOB 1005 granted

[{{2026,6,27},{22,38,33}}] JOB 1003 granted

[{{2026,6,27},{22,38,35}}] JOB 1009 granted

[{{2026,6,27},{22,38,42}}] JOB 1013 granted

[{{2026,6,27},{22,38,42}}] JOB 1010 granted

[{{2026,6,27},{22,38,43}}] JOB 1014 granted

[{{2026,6,27},{22,38,45}}] JOB 1015 granted

[{{2026,6,27},{22,38,52}}] JOB 1016 granted

[{{2026,6,27},{22,38,54}}] JOB 1019 granted

[{{2026,6,27},{22,38,55}}] JOB 1018 granted

[{{2026,6,27},{22,38,55}}] JOB 1006 granted

[{{2026,6,27},{22,38,55}}] JOB 1004 granted

[{{2026,6,27},{22,38,58}}] JOB 1022 granted

[{{2026,6,27},{22,38,58}}] JOB 1008 granted

[{{2026,6,27},{22,38,58}}] JOB 1011 granted

[{{2026,6,27},{22,38,58}}] JOB 1007 granted

[{{2026,6,27},{22,38,59}}] JOB 1024 granted

[{{2026,6,27},{22,39,0}}] JOB 1025 granted

[{{2026,6,27},{22,39,2}}] JOB 1026 granted

[{{2026,6,27},{22,39,3}}] JOB 1027 granted

[{{2026,6,27},{22,39,4}}] JOB 1012 granted

[{{2026,6,27},{22,39,5}}] JOB 1028 granted

[{{2026,6,27},{22,39,6}}] JOB 1029 granted

[{{2026,6,27},{22,39,8}}] JOB 1030 granted

[{{2026,6,27},{22,39,9}}] JOB 1017 granted

[{{2026,6,27},{22,39,9}}] JOB 1023 granted

[{{2026,6,27},{22,39,9}}] JOB 1020 granted

[{{2026,6,27},{22,39,9}}] JOB 1031 granted

[{{2026,6,27},{22,39,13}}] JOB 1021 granted

[{{2026,6,27},{23,5,41}}] --- COORDINATOR STARTED on port 4200 --- 

[{{2026,6,27},{23,14,29}}] --- COORDINATOR STARTED on port 4200 --- 

[{{2026,6,27},{23,14,29}}] JOB 1001 granted

[{{2026,6,27},{23,14,30}}] JOB 1002 granted

[{{2026,6,27},{23,14,41}}] JOB 1008 granted

[{{2026,6,27},{23,14,43}}] JOB "all_jobs_cancelled" connection_closed

